{"/Users/ilgaz/Desktop/Projects/reversed-spider-solitaire-ilgaz-zararsiz/src/constants/index.js": {"path":"/Users/ilgaz/Desktop/Projects/reversed-spider-solitaire-ilgaz-zararsiz/src/constants/index.js","statementMap":{"0":{"start":{"line":1,"column":35},"end":{"line":1,"column":36}},"1":{"start":{"line":2,"column":36},"end":{"line":2,"column":38}},"2":{"start":{"line":3,"column":34},"end":{"line":3,"column":36}},"3":{"start":{"line":4,"column":38},"end":{"line":4,"column":40}},"4":{"start":{"line":5,"column":21},"end":{"line":58,"column":1}}},"fnMap":{},"branchMap":{},"s":{"0":1,"1":1,"2":1,"3":1,"4":1},"f":{},"b":{},"_coverageSchema":"1a1c01bbd47fc00a2c39e90264f33305004495a9","hash":"aa3c98e8e72bbaf45003605df03be0362d6d9bc1"}
,"/Users/ilgaz/Desktop/Projects/reversed-spider-solitaire-ilgaz-zararsiz/src/utils/index.js": {"path":"/Users/ilgaz/Desktop/Projects/reversed-spider-solitaire-ilgaz-zararsiz/src/utils/index.js","statementMap":{"0":{"start":{"line":3,"column":27},"end":{"line":18,"column":1}},"1":{"start":{"line":4,"column":16},"end":{"line":4,"column":18}},"2":{"start":{"line":5,"column":11},"end":{"line":5,"column":12}},"3":{"start":{"line":6,"column":2},"end":{"line":16,"column":5}},"4":{"start":{"line":7,"column":4},"end":{"line":15,"column":5}},"5":{"start":{"line":7,"column":17},"end":{"line":7,"column":18}},"6":{"start":{"line":8,"column":6},"end":{"line":13,"column":9}},"7":{"start":{"line":14,"column":6},"end":{"line":14,"column":11}},"8":{"start":{"line":17,"column":2},"end":{"line":17,"column":15}},"9":{"start":{"line":20,"column":23},"end":{"line":28,"column":1}},"10":{"start":{"line":21,"column":2},"end":{"line":26,"column":3}},"11":{"start":{"line":21,"column":15},"end":{"line":21,"column":31}},"12":{"start":{"line":22,"column":14},"end":{"line":22,"column":49}},"13":{"start":{"line":23,"column":17},"end":{"line":23,"column":25}},"14":{"start":{"line":24,"column":4},"end":{"line":24,"column":24}},"15":{"start":{"line":25,"column":4},"end":{"line":25,"column":20}},"16":{"start":{"line":27,"column":2},"end":{"line":27,"column":15}},"17":{"start":{"line":30,"column":25},"end":{"line":49,"column":1}},"18":{"start":{"line":31,"column":12},"end":{"line":31,"column":14}},"19":{"start":{"line":32,"column":19},"end":{"line":32,"column":29}},"20":{"start":{"line":34,"column":2},"end":{"line":37,"column":3}},"21":{"start":{"line":34,"column":15},"end":{"line":34,"column":16}},"22":{"start":{"line":35,"column":4},"end":{"line":35,"column":58}},"23":{"start":{"line":36,"column":4},"end":{"line":36,"column":66}},"24":{"start":{"line":39,"column":2},"end":{"line":41,"column":5}},"25":{"start":{"line":40,"column":4},"end":{"line":40,"column":34}},"26":{"start":{"line":43,"column":2},"end":{"line":43,"column":30}},"27":{"start":{"line":44,"column":25},"end":{"line":44,"column":70}},"28":{"start":{"line":45,"column":2},"end":{"line":46,"column":35}},"29":{"start":{"line":46,"column":4},"end":{"line":46,"column":35}},"30":{"start":{"line":48,"column":2},"end":{"line":48,"column":21}},"31":{"start":{"line":51,"column":28},"end":{"line":69,"column":1}},"32":{"start":{"line":52,"column":19},"end":{"line":52,"column":21}},"33":{"start":{"line":53,"column":2},"end":{"line":55,"column":3}},"34":{"start":{"line":53,"column":15},"end":{"line":53,"column":16}},"35":{"start":{"line":54,"column":4},"end":{"line":54,"column":22}},"36":{"start":{"line":57,"column":10},"end":{"line":57,"column":11}},"37":{"start":{"line":59,"column":2},"end":{"line":62,"column":5}},"38":{"start":{"line":60,"column":4},"end":{"line":60,"column":52}},"39":{"start":{"line":61,"column":4},"end":{"line":61,"column":8}},"40":{"start":{"line":64,"column":2},"end":{"line":66,"column":5}},"41":{"start":{"line":65,"column":4},"end":{"line":65,"column":42}},"42":{"start":{"line":68,"column":2},"end":{"line":68,"column":21}},"43":{"start":{"line":71,"column":35},"end":{"line":98,"column":1}},"44":{"start":{"line":72,"column":21},"end":{"line":72,"column":26}},"45":{"start":{"line":73,"column":2},"end":{"line":76,"column":5}},"46":{"start":{"line":74,"column":4},"end":{"line":75,"column":26}},"47":{"start":{"line":75,"column":6},"end":{"line":75,"column":26}},"48":{"start":{"line":78,"column":2},"end":{"line":81,"column":3}},"49":{"start":{"line":79,"column":4},"end":{"line":79,"column":48}},"50":{"start":{"line":80,"column":4},"end":{"line":80,"column":11}},"51":{"start":{"line":83,"column":22},"end":{"line":83,"column":65}},"52":{"start":{"line":84,"column":2},"end":{"line":84,"column":77}},"53":{"start":{"line":86,"column":2},"end":{"line":88,"column":5}},"54":{"start":{"line":87,"column":4},"end":{"line":87,"column":58}},"55":{"start":{"line":87,"column":30},"end":{"line":87,"column":56}},"56":{"start":{"line":90,"column":10},"end":{"line":90,"column":11}},"57":{"start":{"line":92,"column":12},"end":{"line":92,"column":17}},"58":{"start":{"line":93,"column":2},"end":{"line":96,"column":5}},"59":{"start":{"line":94,"column":4},"end":{"line":94,"column":68}},"60":{"start":{"line":95,"column":4},"end":{"line":95,"column":8}},"61":{"start":{"line":97,"column":2},"end":{"line":97,"column":14}},"62":{"start":{"line":100,"column":34},"end":{"line":118,"column":1}},"63":{"start":{"line":101,"column":23},"end":{"line":101,"column":25}},"64":{"start":{"line":102,"column":2},"end":{"line":116,"column":5}},"65":{"start":{"line":103,"column":4},"end":{"line":115,"column":5}},"66":{"start":{"line":104,"column":26},"end":{"line":104,"column":60}},"67":{"start":{"line":105,"column":6},"end":{"line":114,"column":7}},"68":{"start":{"line":106,"column":27},"end":{"line":106,"column":31}},"69":{"start":{"line":108,"column":8},"end":{"line":112,"column":9}},"70":{"start":{"line":108,"column":21},"end":{"line":108,"column":36}},"71":{"start":{"line":109,"column":10},"end":{"line":111,"column":11}},"72":{"start":{"line":110,"column":12},"end":{"line":110,"column":33}},"73":{"start":{"line":113,"column":8},"end":{"line":113,"column":45}},"74":{"start":{"line":117,"column":2},"end":{"line":117,"column":22}}},"fnMap":{"0":{"name":"(anonymous_0)","decl":{"start":{"line":3,"column":27},"end":{"line":3,"column":28}},"loc":{"start":{"line":3,"column":36},"end":{"line":18,"column":1}},"line":3},"1":{"name":"(anonymous_1)","decl":{"start":{"line":6,"column":16},"end":{"line":6,"column":17}},"loc":{"start":{"line":6,"column":24},"end":{"line":16,"column":3}},"line":6},"2":{"name":"(anonymous_2)","decl":{"start":{"line":20,"column":23},"end":{"line":20,"column":24}},"loc":{"start":{"line":20,"column":32},"end":{"line":28,"column":1}},"line":20},"3":{"name":"(anonymous_3)","decl":{"start":{"line":30,"column":25},"end":{"line":30,"column":26}},"loc":{"start":{"line":30,"column":70},"end":{"line":49,"column":1}},"line":30},"4":{"name":"(anonymous_4)","decl":{"start":{"line":39,"column":12},"end":{"line":39,"column":13}},"loc":{"start":{"line":39,"column":17},"end":{"line":41,"column":3}},"line":39},"5":{"name":"(anonymous_5)","decl":{"start":{"line":51,"column":28},"end":{"line":51,"column":29}},"loc":{"start":{"line":51,"column":53},"end":{"line":69,"column":1}},"line":51},"6":{"name":"(anonymous_6)","decl":{"start":{"line":59,"column":20},"end":{"line":59,"column":21}},"loc":{"start":{"line":59,"column":32},"end":{"line":62,"column":3}},"line":59},"7":{"name":"(anonymous_7)","decl":{"start":{"line":64,"column":19},"end":{"line":64,"column":20}},"loc":{"start":{"line":64,"column":27},"end":{"line":66,"column":3}},"line":64},"8":{"name":"(anonymous_8)","decl":{"start":{"line":71,"column":35},"end":{"line":71,"column":36}},"loc":{"start":{"line":71,"column":106},"end":{"line":98,"column":1}},"line":71},"9":{"name":"(anonymous_9)","decl":{"start":{"line":73,"column":16},"end":{"line":73,"column":17}},"loc":{"start":{"line":73,"column":24},"end":{"line":76,"column":3}},"line":73},"10":{"name":"(anonymous_10)","decl":{"start":{"line":86,"column":22},"end":{"line":86,"column":23}},"loc":{"start":{"line":86,"column":36},"end":{"line":88,"column":3}},"line":86},"11":{"name":"(anonymous_11)","decl":{"start":{"line":87,"column":17},"end":{"line":87,"column":18}},"loc":{"start":{"line":87,"column":30},"end":{"line":87,"column":56}},"line":87},"12":{"name":"(anonymous_12)","decl":{"start":{"line":93,"column":22},"end":{"line":93,"column":23}},"loc":{"start":{"line":93,"column":34},"end":{"line":96,"column":3}},"line":93},"13":{"name":"(anonymous_13)","decl":{"start":{"line":100,"column":34},"end":{"line":100,"column":35}},"loc":{"start":{"line":100,"column":43},"end":{"line":118,"column":1}},"line":100},"14":{"name":"(anonymous_14)","decl":{"start":{"line":102,"column":16},"end":{"line":102,"column":17}},"loc":{"start":{"line":102,"column":29},"end":{"line":116,"column":3}},"line":102}},"branchMap":{"0":{"loc":{"start":{"line":45,"column":2},"end":{"line":46,"column":35}},"type":"if","locations":[{"start":{"line":45,"column":2},"end":{"line":46,"column":35}},{"start":{"line":45,"column":2},"end":{"line":46,"column":35}}],"line":45},"1":{"loc":{"start":{"line":74,"column":4},"end":{"line":75,"column":26}},"type":"if","locations":[{"start":{"line":74,"column":4},"end":{"line":75,"column":26}},{"start":{"line":74,"column":4},"end":{"line":75,"column":26}}],"line":74},"2":{"loc":{"start":{"line":78,"column":2},"end":{"line":81,"column":3}},"type":"if","locations":[{"start":{"line":78,"column":2},"end":{"line":81,"column":3}},{"start":{"line":78,"column":2},"end":{"line":81,"column":3}}],"line":78},"3":{"loc":{"start":{"line":103,"column":4},"end":{"line":115,"column":5}},"type":"if","locations":[{"start":{"line":103,"column":4},"end":{"line":115,"column":5}},{"start":{"line":103,"column":4},"end":{"line":115,"column":5}}],"line":103},"4":{"loc":{"start":{"line":105,"column":6},"end":{"line":114,"column":7}},"type":"if","locations":[{"start":{"line":105,"column":6},"end":{"line":114,"column":7}},{"start":{"line":105,"column":6},"end":{"line":114,"column":7}}],"line":105},"5":{"loc":{"start":{"line":109,"column":10},"end":{"line":111,"column":11}},"type":"if","locations":[{"start":{"line":109,"column":10},"end":{"line":111,"column":11}},{"start":{"line":109,"column":10},"end":{"line":111,"column":11}}],"line":109},"6":{"loc":{"start":{"line":109,"column":14},"end":{"line":109,"column":72}},"type":"binary-expr","locations":[{"start":{"line":109,"column":14},"end":{"line":109,"column":53}},{"start":{"line":109,"column":57},"end":{"line":109,"column":72}}],"line":109},"7":{"loc":{"start":{"line":113,"column":8},"end":{"line":113,"column":44}},"type":"binary-expr","locations":[{"start":{"line":113,"column":8},"end":{"line":113,"column":20}},{"start":{"line":113,"column":24},"end":{"line":113,"column":44}}],"line":113}},"s":{"0":1,"1":1,"2":1,"3":1,"4":13,"5":13,"6":104,"7":104,"8":1,"9":1,"10":1,"11":1,"12":103,"13":103,"14":103,"15":103,"16":1,"17":1,"18":0,"19":0,"20":0,"21":0,"22":0,"23":0,"24":0,"25":0,"26":0,"27":0,"28":0,"29":0,"30":0,"31":1,"32":0,"33":0,"34":0,"35":0,"36":0,"37":0,"38":0,"39":0,"40":0,"41":0,"42":0,"43":1,"44":1,"45":1,"46":2,"47":2,"48":1,"49":1,"50":1,"51":0,"52":0,"53":0,"54":0,"55":0,"56":0,"57":0,"58":0,"59":0,"60":0,"61":0,"62":1,"63":2,"64":2,"65":13,"66":1,"67":1,"68":1,"69":1,"70":1,"71":12,"72":0,"73":1,"74":2},"f":{"0":1,"1":13,"2":1,"3":0,"4":0,"5":0,"6":0,"7":0,"8":1,"9":2,"10":0,"11":0,"12":0,"13":2,"14":13},"b":{"0":[0,0],"1":[2,0],"2":[1,0],"3":[1,12],"4":[1,0],"5":[0,12],"6":[12,12],"7":[1,1]},"_coverageSchema":"1a1c01bbd47fc00a2c39e90264f33305004495a9","hash":"b39386b9b1a581e221e3251a1c043609d0e9c555"}
}
