TN:
SF:src/constants/index.js
FNF:0
FNH:0
DA:1,1
DA:2,1
DA:3,1
DA:4,1
DA:5,1
LF:5
LH:5
BRF:0
BRH:0
end_of_record
TN:
SF:src/utils/index.js
FN:3,(anonymous_0)
FN:6,(anonymous_1)
FN:20,(anonymous_2)
FN:30,(anonymous_3)
FN:39,(anonymous_4)
FN:51,(anonymous_5)
FN:59,(anonymous_6)
FN:64,(anonymous_7)
FN:71,(anonymous_8)
FN:73,(anonymous_9)
FN:86,(anonymous_10)
FN:87,(anonymous_11)
FN:93,(anonymous_12)
FN:100,(anonymous_13)
FN:102,(anonymous_14)
FNF:15
FNH:7
FNDA:1,(anonymous_0)
FNDA:13,(anonymous_1)
FNDA:1,(anonymous_2)
FNDA:0,(anonymous_3)
FNDA:0,(anonymous_4)
FNDA:0,(anonymous_5)
FNDA:0,(anonymous_6)
FNDA:0,(anonymous_7)
FNDA:1,(anonymous_8)
FNDA:2,(anonymous_9)
FNDA:0,(anonymous_10)
FNDA:0,(anonymous_11)
FNDA:0,(anonymous_12)
FNDA:2,(anonymous_13)
FNDA:13,(anonymous_14)
DA:3,1
DA:4,1
DA:5,1
DA:6,1
DA:7,13
DA:8,104
DA:14,104
DA:17,1
DA:20,1
DA:21,1
DA:22,103
DA:23,103
DA:24,103
DA:25,103
DA:27,1
DA:30,1
DA:31,0
DA:32,0
DA:34,0
DA:35,0
DA:36,0
DA:39,0
DA:40,0
DA:43,0
DA:44,0
DA:45,0
DA:46,0
DA:48,0
DA:51,1
DA:52,0
DA:53,0
DA:54,0
DA:57,0
DA:59,0
DA:60,0
DA:61,0
DA:64,0
DA:65,0
DA:68,0
DA:71,1
DA:72,1
DA:73,1
DA:74,2
DA:75,2
DA:78,1
DA:79,1
DA:80,1
DA:83,0
DA:84,0
DA:86,0
DA:87,0
DA:90,0
DA:92,0
DA:93,0
DA:94,0
DA:95,0
DA:97,0
DA:100,1
DA:101,2
DA:102,2
DA:103,13
DA:104,1
DA:105,1
DA:106,1
DA:108,1
DA:109,12
DA:110,0
DA:113,1
DA:117,2
LF:69
LH:36
BRDA:45,0,0,0
BRDA:45,0,1,0
BRDA:74,1,0,2
BRDA:74,1,1,0
BRDA:78,2,0,1
BRDA:78,2,1,0
BRDA:103,3,0,1
BRDA:103,3,1,12
BRDA:105,4,0,1
BRDA:105,4,1,0
BRDA:109,5,0,0
BRDA:109,5,1,12
BRDA:109,6,0,12
BRDA:109,6,1,12
BRDA:113,7,0,1
BRDA:113,7,1,1
BRF:16
BRH:10
end_of_record
